2022-02-03 14:06:18,784   INFO       server.py                       Запущен сервер с адресом: , порт 7777
2022-02-03 14:06:27,149   INFO       server.py                       От клиента ('127.0.0.1', 61494) поступило сообщение: {'action': 'presence', 'time': 1643886387.1259713, 'type': 'online', 'user': {'account_name': 'poker4grig', 'status': 'In contact'}}
2022-02-03 14:06:27,149   INFO       functions_server.py             Пользователь poker4grig имеет статус <онлайн>
2022-02-03 14:06:27,175   DEBUG      functions_server.py             Была вызвана функция action_presence c параметрами ({'action': 'presence', 'time': 1643886387.1259713, 'type': 'online', 'user': {'account_name': 'poker4grig', 'status': 'In contact'}}, {'poker4grig': ('1', 'offline'), 'o': 'online'}), {}. Вызов из модуля functions_server. Вызов из функции None:.Вызов из функции check_request
2022-02-03 14:06:27,176   DEBUG      server.py                       Была вызвана функция check_request c параметрами ({'action': 'presence', 'time': 1643886387.1259713, 'type': 'online', 'user': {'account_name': 'poker4grig', 'status': 'In contact'}},), {}. Вызов из модуля functions_server. Вызов из функции None:.Вызов из функции <module>
2022-02-03 14:06:27,176   INFO       functions_server.py             Пользователь poker4grig имеет статус <онлайн>
2022-02-03 14:06:27,177   DEBUG      functions_server.py             Была вызвана функция action_presence c параметрами ({'action': 'presence', 'time': 1643886387.1259713, 'type': 'online', 'user': {'account_name': 'poker4grig', 'status': 'In contact'}}, {'poker4grig': ('1', 'offline'), 'o': 'online'}), {}. Вызов из модуля functions_server. Вызов из функции 'close':.Вызов из функции check_request
2022-02-03 14:06:27,178   DEBUG      server.py                       Была вызвана функция check_request c параметрами ({'action': 'presence', 'time': 1643886387.1259713, 'type': 'online', 'user': {'account_name': 'poker4grig', 'status': 'In contact'}},), {}. Вызов из модуля functions_server. Вызов из функции 'close':.Вызов из функции <module>
2022-02-03 14:06:27,178   INFO       functions_server.py             Пользователь poker4grig имеет статус <онлайн>
2022-02-03 14:06:27,179   DEBUG      functions_server.py             Была вызвана функция action_presence c параметрами ({'action': 'presence', 'time': 1643886387.1259713, 'type': 'online', 'user': {'account_name': 'poker4grig', 'status': 'In contact'}}, {'poker4grig': ('1', 'offline'), 'o': 'online'}), {}. Вызов из модуля functions_server. Вызов из функции client_socket.send(check_request(req)).Вызов из функции check_request
2022-02-03 14:06:27,180   DEBUG      server.py                       Была вызвана функция check_request c параметрами ({'action': 'presence', 'time': 1643886387.1259713, 'type': 'online', 'user': {'account_name': 'poker4grig', 'status': 'In contact'}},), {}. Вызов из модуля functions_server. Вызов из функции client_socket.send(check_request(req)).Вызов из функции <module>
2022-02-03 14:06:27,180   INFO       server.py                       Клиенту ('127.0.0.1', 61494) отправлено сообщение {'action': 'presence', 'time': 1643886387.1259713, 'type': 'online', 'user': {'account_name': 'poker4grig', 'status': 'In contact'}}
2022-02-03 14:09:37,547   INFO       server.py                       Запущен сервер с адресом: , порт 7777
2022-02-03 14:09:45,811   INFO       server.py                       От клиента ('127.0.0.1', 61582) поступило сообщение: {'action': 'presence', 'time': 1643886585.7843566, 'type': 'online', 'user': {'account_name': 'poker4grig', 'status': 'In contact'}}
2022-02-03 14:09:45,811   INFO       functions_server.py             Пользователь poker4grig имеет статус <онлайн>
2022-02-03 14:09:45,843   DEBUG      functions_server.py             Была вызвана функция action_presence c параметрами ({'action': 'presence', 'time': 1643886585.7843566, 'type': 'online', 'user': {'account_name': 'poker4grig', 'status': 'In contact'}}, {'poker4grig': ('1', 'offline'), 'o': 'online'}), {}. Вызов из модуля functions_server. Вызов из функции None:.Вызов из функции check_request
2022-02-03 14:09:45,844   DEBUG      server.py                       Была вызвана функция check_request c параметрами ({'action': 'presence', 'time': 1643886585.7843566, 'type': 'online', 'user': {'account_name': 'poker4grig', 'status': 'In contact'}},), {}. Вызов из модуля functions_server. Вызов из функции None:.Вызов из функции <module>
2022-02-03 14:09:45,844   INFO       functions_server.py             Пользователь poker4grig имеет статус <онлайн>
2022-02-03 14:09:45,846   DEBUG      functions_server.py             Была вызвана функция action_presence c параметрами ({'action': 'presence', 'time': 1643886585.7843566, 'type': 'online', 'user': {'account_name': 'poker4grig', 'status': 'In contact'}}, {'poker4grig': ('1', 'offline'), 'o': 'online'}), {}. Вызов из модуля functions_server. Вызов из функции 'close':.Вызов из функции check_request
2022-02-03 14:09:45,846   DEBUG      server.py                       Была вызвана функция check_request c параметрами ({'action': 'presence', 'time': 1643886585.7843566, 'type': 'online', 'user': {'account_name': 'poker4grig', 'status': 'In contact'}},), {}. Вызов из модуля functions_server. Вызов из функции 'close':.Вызов из функции <module>
2022-02-03 14:09:45,847   INFO       functions_server.py             Пользователь poker4grig имеет статус <онлайн>
2022-02-03 14:09:45,848   DEBUG      functions_server.py             Была вызвана функция action_presence c параметрами ({'action': 'presence', 'time': 1643886585.7843566, 'type': 'online', 'user': {'account_name': 'poker4grig', 'status': 'In contact'}}, {'poker4grig': ('1', 'offline'), 'o': 'online'}), {}. Вызов из модуля functions_server. Вызов из функции client_socket.send(check_request(req)).Вызов из функции check_request
2022-02-03 14:09:45,849   DEBUG      server.py                       Была вызвана функция check_request c параметрами ({'action': 'presence', 'time': 1643886585.7843566, 'type': 'online', 'user': {'account_name': 'poker4grig', 'status': 'In contact'}},), {}. Вызов из модуля functions_server. Вызов из функции client_socket.send(check_request(req)).Вызов из функции <module>
2022-02-03 14:09:45,849   INFO       server.py                       Клиенту ('127.0.0.1', 61582) отправлено сообщение {'action': 'presence', 'time': 1643886585.7843566, 'type': 'online', 'user': {'account_name': 'poker4grig', 'status': 'In contact'}}
